2025-08-28 11:01:40,869 WARN [Thread-4][HttpClientBeanHolder.java:108] - [HttpClientBeanHolder] Start destroying common HttpClient
2025-08-28 11:01:40,869 WARN [Thread-4][HttpClientBeanHolder.java:108] - [HttpClientBeanHolder] Start destroying common HttpClient
2025-08-28 11:01:40,869 WARN [Thread-10][NotifyCenter.java:145] - [NotifyCenter] Start destroying Publisher
2025-08-28 11:01:40,869 WARN [Thread-10][NotifyCenter.java:145] - [NotifyCenter] Start destroying Publisher
2025-08-28 11:01:40,876 WARN [Thread-10][NotifyCenter.java:162] - [NotifyCenter] Destruction of the end
2025-08-28 11:01:40,876 WARN [Thread-10][NotifyCenter.java:162] - [NotifyCenter] Destruction of the end
2025-08-28 11:01:40,876 WARN [Thread-4][HttpClientBeanHolder.java:114] - [HttpClientBeanHolder] Destruction of the end
2025-08-28 11:01:40,876 WARN [Thread-4][HttpClientBeanHolder.java:114] - [HttpClientBeanHolder] Destruction of the end
2025-08-28 11:01:40,876 INFO [SpringContextShutdownHook][ExecutorConfigurationSupport.java:218] - Shutting down ExecutorService 'Nacos-Watch-Task-Scheduler'
2025-08-28 11:01:40,876 INFO [SpringContextShutdownHook][ExecutorConfigurationSupport.java:218] - Shutting down ExecutorService 'Nacos-Watch-Task-Scheduler'
2025-08-28 11:01:40,877 INFO [SpringContextShutdownHook][ExecutorConfigurationSupport.java:218] - Shutting down ExecutorService 'taskScheduler'
2025-08-28 11:01:40,877 INFO [SpringContextShutdownHook][ExecutorConfigurationSupport.java:218] - Shutting down ExecutorService 'taskScheduler'
2025-08-28 11:01:40,878 INFO [SpringContextShutdownHook][NacosServiceRegistry.java:94] - De-registering from Nacos Server now...
2025-08-28 11:01:40,878 INFO [SpringContextShutdownHook][NacosServiceRegistry.java:94] - De-registering from Nacos Server now...
2025-08-28 11:01:40,880 INFO [SpringContextShutdownHook][NacosServiceRegistry.java:114] - De-registration finished.
2025-08-28 11:01:40,880 INFO [SpringContextShutdownHook][NacosServiceRegistry.java:114] - De-registration finished.
2025-08-28 11:01:40,903 INFO [SpringContextShutdownHook][ExecutorConfigurationSupport.java:218] - Shutting down ExecutorService 'Nacos-Watch-Task-Scheduler'
2025-08-28 11:01:40,903 INFO [SpringContextShutdownHook][ExecutorConfigurationSupport.java:218] - Shutting down ExecutorService 'Nacos-Watch-Task-Scheduler'
2025-08-28 11:01:40,904 INFO [SpringContextShutdownHook][NacosServiceRegistry.java:94] - De-registering from Nacos Server now...
2025-08-28 11:01:40,904 INFO [SpringContextShutdownHook][NacosServiceRegistry.java:94] - De-registering from Nacos Server now...
2025-08-28 11:01:40,907 INFO [SpringContextShutdownHook][NacosServiceRegistry.java:114] - De-registration finished.
2025-08-28 11:01:40,907 INFO [SpringContextShutdownHook][NacosServiceRegistry.java:114] - De-registration finished.
2025-08-28 11:01:41,396 DEBUG [nacos.publisher-com.alibaba.nacos.client.naming.event.InstancesChangeEvent][DefaultPublisher.java:193] - [NotifyCenter] the com.alibaba.nacos.client.naming.event.InstancesChangeEvent@40286908 will received by com.alibaba.nacos.client.naming.event.InstancesChangeNotifier@306c9b2c
2025-08-28 11:01:41,396 DEBUG [nacos.publisher-com.alibaba.nacos.client.naming.event.InstancesChangeEvent][DefaultPublisher.java:193] - [NotifyCenter] the com.alibaba.nacos.client.naming.event.InstancesChangeEvent@40286908 will received by com.alibaba.nacos.client.naming.event.InstancesChangeNotifier@306c9b2c
2025-08-28 11:01:43,830 DEBUG [HikariPool-1 housekeeper][HikariPool.java:421] - HikariPool-1 - Pool stats (total=10, active=0, idle=10, waiting=0)
2025-08-28 11:01:43,830 DEBUG [HikariPool-1 housekeeper][HikariPool.java:421] - HikariPool-1 - Pool stats (total=10, active=0, idle=10, waiting=0)
2025-08-28 11:01:43,830 DEBUG [HikariPool-1 housekeeper][HikariPool.java:517] - HikariPool-1 - Fill pool skipped, pool is at sufficient level.
2025-08-28 11:01:43,830 DEBUG [HikariPool-1 housekeeper][HikariPool.java:517] - HikariPool-1 - Fill pool skipped, pool is at sufficient level.
2025-08-28 11:01:44,578 WARN [SpringContextShutdownHook][DisposableBeanAdapter.java:349] - Destroy method 'close' on bean with name 'nacosServiceRegistry' threw an exception: java.lang.NullPointerException: Cannot invoke "com.alibaba.nacos.api.naming.NamingService.shutDown()" because "this.namingService" is null
2025-08-28 11:01:44,578 WARN [SpringContextShutdownHook][DisposableBeanAdapter.java:349] - Destroy method 'close' on bean with name 'nacosServiceRegistry' threw an exception: java.lang.NullPointerException: Cannot invoke "com.alibaba.nacos.api.naming.NamingService.shutDown()" because "this.namingService" is null
2025-08-28 11:01:44,579 INFO [SpringContextShutdownHook][ExecutorConfigurationSupport.java:218] - Shutting down ExecutorService 'applicationTaskExecutor'
2025-08-28 11:01:44,579 INFO [SpringContextShutdownHook][ExecutorConfigurationSupport.java:218] - Shutting down ExecutorService 'applicationTaskExecutor'
2025-08-28 11:01:44,582 INFO [SpringContextShutdownHook][HikariDataSource.java:350] - HikariPool-1 - Shutdown initiated...
2025-08-28 11:01:44,582 INFO [SpringContextShutdownHook][HikariDataSource.java:350] - HikariPool-1 - Shutdown initiated...
2025-08-28 11:01:44,582 DEBUG [SpringContextShutdownHook][HikariPool.java:421] - HikariPool-1 - Before shutdown stats (total=10, active=0, idle=10, waiting=0)
2025-08-28 11:01:44,582 DEBUG [SpringContextShutdownHook][HikariPool.java:421] - HikariPool-1 - Before shutdown stats (total=10, active=0, idle=10, waiting=0)
2025-08-28 11:01:44,583 DEBUG [HikariPool-1 connection closer][PoolBase.java:134] - HikariPool-1 - Closing connection com.mysql.cj.jdbc.ConnectionImpl@23eb8b66: (connection evicted)
2025-08-28 11:01:44,583 DEBUG [HikariPool-1 connection closer][PoolBase.java:134] - HikariPool-1 - Closing connection com.mysql.cj.jdbc.ConnectionImpl@23eb8b66: (connection evicted)
2025-08-28 11:01:44,586 DEBUG [HikariPool-1 connection closer][PoolBase.java:134] - HikariPool-1 - Closing connection com.mysql.cj.jdbc.ConnectionImpl@7cfdef84: (connection evicted)
2025-08-28 11:01:44,586 DEBUG [HikariPool-1 connection closer][PoolBase.java:134] - HikariPool-1 - Closing connection com.mysql.cj.jdbc.ConnectionImpl@7cfdef84: (connection evicted)
2025-08-28 11:01:44,586 DEBUG [HikariPool-1 connection closer][PoolBase.java:134] - HikariPool-1 - Closing connection com.mysql.cj.jdbc.ConnectionImpl@3dc0e5bf: (connection evicted)
2025-08-28 11:01:44,586 DEBUG [HikariPool-1 connection closer][PoolBase.java:134] - HikariPool-1 - Closing connection com.mysql.cj.jdbc.ConnectionImpl@3dc0e5bf: (connection evicted)
2025-08-28 11:01:44,586 DEBUG [HikariPool-1 connection closer][PoolBase.java:134] - HikariPool-1 - Closing connection com.mysql.cj.jdbc.ConnectionImpl@c37ff8c: (connection evicted)
2025-08-28 11:01:44,586 DEBUG [HikariPool-1 connection closer][PoolBase.java:134] - HikariPool-1 - Closing connection com.mysql.cj.jdbc.ConnectionImpl@c37ff8c: (connection evicted)
2025-08-28 11:01:44,586 DEBUG [HikariPool-1 connection closer][PoolBase.java:134] - HikariPool-1 - Closing connection com.mysql.cj.jdbc.ConnectionImpl@5def1af0: (connection evicted)
2025-08-28 11:01:44,586 DEBUG [HikariPool-1 connection closer][PoolBase.java:134] - HikariPool-1 - Closing connection com.mysql.cj.jdbc.ConnectionImpl@5def1af0: (connection evicted)
2025-08-28 11:01:44,587 DEBUG [HikariPool-1 connection closer][PoolBase.java:134] - HikariPool-1 - Closing connection com.mysql.cj.jdbc.ConnectionImpl@5c9156ba: (connection evicted)
2025-08-28 11:01:44,587 DEBUG [HikariPool-1 connection closer][PoolBase.java:134] - HikariPool-1 - Closing connection com.mysql.cj.jdbc.ConnectionImpl@5c9156ba: (connection evicted)
2025-08-28 11:01:44,587 DEBUG [HikariPool-1 connection closer][PoolBase.java:134] - HikariPool-1 - Closing connection com.mysql.cj.jdbc.ConnectionImpl@59a123ae: (connection evicted)
2025-08-28 11:01:44,587 DEBUG [HikariPool-1 connection closer][PoolBase.java:134] - HikariPool-1 - Closing connection com.mysql.cj.jdbc.ConnectionImpl@59a123ae: (connection evicted)
2025-08-28 11:01:44,587 DEBUG [HikariPool-1 connection closer][PoolBase.java:134] - HikariPool-1 - Closing connection com.mysql.cj.jdbc.ConnectionImpl@2867b99f: (connection evicted)
2025-08-28 11:01:44,587 DEBUG [HikariPool-1 connection closer][PoolBase.java:134] - HikariPool-1 - Closing connection com.mysql.cj.jdbc.ConnectionImpl@2867b99f: (connection evicted)
2025-08-28 11:01:44,587 DEBUG [HikariPool-1 connection closer][PoolBase.java:134] - HikariPool-1 - Closing connection com.mysql.cj.jdbc.ConnectionImpl@605d1d3d: (connection evicted)
2025-08-28 11:01:44,587 DEBUG [HikariPool-1 connection closer][PoolBase.java:134] - HikariPool-1 - Closing connection com.mysql.cj.jdbc.ConnectionImpl@605d1d3d: (connection evicted)
2025-08-28 11:01:44,587 DEBUG [HikariPool-1 connection closer][PoolBase.java:134] - HikariPool-1 - Closing connection com.mysql.cj.jdbc.ConnectionImpl@2303c742: (connection evicted)
2025-08-28 11:01:44,587 DEBUG [HikariPool-1 connection closer][PoolBase.java:134] - HikariPool-1 - Closing connection com.mysql.cj.jdbc.ConnectionImpl@2303c742: (connection evicted)
2025-08-28 11:01:44,588 DEBUG [SpringContextShutdownHook][HikariPool.java:421] - HikariPool-1 - After shutdown stats (total=0, active=0, idle=0, waiting=0)
2025-08-28 11:01:44,588 DEBUG [SpringContextShutdownHook][HikariPool.java:421] - HikariPool-1 - After shutdown stats (total=0, active=0, idle=0, waiting=0)
2025-08-28 11:01:44,588 INFO [SpringContextShutdownHook][HikariDataSource.java:352] - HikariPool-1 - Shutdown completed.
2025-08-28 11:01:44,588 INFO [SpringContextShutdownHook][HikariDataSource.java:352] - HikariPool-1 - Shutdown completed.
2025-08-28 11:01:47,423 WARN [SpringContextShutdownHook][DisposableBeanAdapter.java:349] - Destroy method 'close' on bean with name 'nacosServiceRegistry' threw an exception: java.lang.NullPointerException: Cannot invoke "com.alibaba.nacos.api.naming.NamingService.shutDown()" because "this.namingService" is null
2025-08-28 11:01:47,423 WARN [SpringContextShutdownHook][DisposableBeanAdapter.java:349] - Destroy method 'close' on bean with name 'nacosServiceRegistry' threw an exception: java.lang.NullPointerException: Cannot invoke "com.alibaba.nacos.api.naming.NamingService.shutDown()" because "this.namingService" is null
2025-08-28 11:01:47,423 INFO [SpringContextShutdownHook][ExecutorConfigurationSupport.java:218] - Shutting down ExecutorService 'applicationTaskExecutor'
2025-08-28 11:01:47,423 INFO [SpringContextShutdownHook][ExecutorConfigurationSupport.java:218] - Shutting down ExecutorService 'applicationTaskExecutor'
2025-08-28 11:01:47,426 INFO [SpringContextShutdownHook][HikariDataSource.java:350] - HikariPool-1 - Shutdown initiated...
2025-08-28 11:01:47,426 INFO [SpringContextShutdownHook][HikariDataSource.java:350] - HikariPool-1 - Shutdown initiated...
2025-08-28 11:01:47,431 INFO [SpringContextShutdownHook][HikariDataSource.java:352] - HikariPool-1 - Shutdown completed.
2025-08-28 11:01:47,431 INFO [SpringContextShutdownHook][HikariDataSource.java:352] - HikariPool-1 - Shutdown completed.
